<?xml version="1.0" encoding="UTF-8"?>
<testng-results ignored="0" total="3" passed="3" failed="0" skipped="0">
  <reporter-output>
    <line>
      <![CDATA[This is a Remo TestNG class!!,true]]>
    </line>
    <line>
      <![CDATA[This is a Sumo TestNG class!!,true]]>
    </line>
    <line>
      <![CDATA[This is a demo TetsNG class!!]]>
    </line>
  </reporter-output>
  <suite started-at="2023-07-16T19:11:35 IST" name="Suite" finished-at="2023-07-16T19:11:35 IST" duration-ms="103">
    <groups>
    </groups>
    <test started-at="2023-07-16T19:11:35 IST" name="Test" finished-at="2023-07-16T19:11:35 IST" duration-ms="103">
      <class name="TestNG_Package.Remo">
        <test-method signature="h()[pri:0, instance:TestNG_Package.Remo@6d763516]" started-at="2023-07-16T19:11:35 IST" name="h" finished-at="2023-07-16T19:11:35 IST" duration-ms="10" status="PASS">
          <reporter-output>
            <line>
              <![CDATA[This is a Remo TestNG class!!,true]]>
            </line>
          </reporter-output>
        </test-method> <!-- h -->
      </class> <!-- TestNG_Package.Remo -->
      <class name="TestNG_Package.Demo">
        <test-method signature="f()[pri:0, instance:TestNG_Package.Demo@595b007d]" started-at="2023-07-16T19:11:35 IST" name="f" finished-at="2023-07-16T19:11:35 IST" duration-ms="3" status="PASS">
          <reporter-output>
            <line>
              <![CDATA[This is a demo TetsNG class!!]]>
            </line>
          </reporter-output>
        </test-method> <!-- f -->
      </class> <!-- TestNG_Package.Demo -->
      <class name="TestNG_Package.Sumo">
        <test-method signature="g()[pri:0, instance:TestNG_Package.Sumo@5158b42f]" started-at="2023-07-16T19:11:35 IST" name="g" finished-at="2023-07-16T19:11:35 IST" duration-ms="3" status="PASS">
          <reporter-output>
            <line>
              <![CDATA[This is a Sumo TestNG class!!,true]]>
            </line>
          </reporter-output>
        </test-method> <!-- g -->
      </class> <!-- TestNG_Package.Sumo -->
    </test> <!-- Test -->
  </suite> <!-- Suite -->
</testng-results>
